<?xml version="1.0" encoding="UTF-8"?>
<testsuite name="Test" tests="6" skipped="0" failures="0" errors="0" timestamp="2024-03-25T17:47:15" hostname="LAPTOP-EM849TNM" time="0.119">
  <properties/>
  <testcase name="getAllPossibleColorsMethodTest()" classname="Test" time="0.056"/>
  <testcase name="groupPhotosByHairAndHatMethodTest()" classname="Test" time="0.013"/>
  <testcase name="toPhotoCharactersMethodTest()" classname="Test" time="0.002"/>
  <testcase name="groupPhotosByColorMethodTest()" classname="Test" time="0.006"/>
  <testcase name="toColorMethodTest()" classname="Test" time="0.001"/>
  <testcase name="findPhotoMethodBaseTest()" classname="Test" time="0.037"/>
  <system-out><![CDATA[]]></system-out>
  <system-err><![CDATA[]]></system-err>
</testsuite>
