<?xml version="1.0" encoding="UTF-8"?>
<testsuite name="Test" tests="6" skipped="0" failures="0" errors="0" timestamp="2024-03-25T17:48:38" hostname="LAPTOP-EM849TNM" time="0.522">
  <properties/>
  <testcase name="getCommandTestMethodBaseTest()" classname="Test" time="0.041"/>
  <testcase name="getCommandTestMethodStackTest()" classname="Test" time="0.003"/>
  <testcase name="commandFieldTest()" classname="Test" time="0.033"/>
  <testcase name="getCommandTestMethodQueueTest()" classname="Test" time="0.001"/>
  <testcase name="addCommandTestMethodTest()" classname="Test" time="0.005"/>
  <testcase name="gameServiceTestClassTest()" classname="Test" time="0.434"/>
  <system-out><![CDATA[]]></system-out>
  <system-err><![CDATA[]]></system-err>
</testsuite>
